2019-01-24 09:05:24 
Start install: /var/www/o-printere/data/www/o-printere.ru/tmp/addon_jshopping_plus_minus_count_product_2.0.zip IP:178.184.180.225 UID:139
2019-01-24 09:05:25 Copy file: /components/com_jshopping/addons/jshopping_plus_minus_count_product/license.txt
2019-01-24 09:05:25 Copy file: /components/com_jshopping/addons/jshopping_plus_minus_count_product/uninstall.php
2019-01-24 09:05:25 Copy file: /plugins/jshoppingcheckout/plus_minus_count_product/plus_minus_count_product.php
2019-01-24 09:05:25 Copy file: /plugins/jshoppingcheckout/plus_minus_count_product/plus_minus_count_product.xml
2019-01-24 09:05:25 Copy file: /plugins/jshoppingproducts/plus_minus_count_product/plus_minus_count_product.php
2019-01-24 09:05:25 Copy file: /plugins/jshoppingproducts/plus_minus_count_product/plus_minus_count_product.xml
2019-05-02 09:47:34 
Start install: /var/www/o-printere/data/www/o-printere.ru/tmp/addon_rus_invoices_for_payment_1.0.5.zip IP:178.184.219.250 UID:139
2019-05-02 09:47:34 Copy file: /components/com_jshopping/addons/index.html
2019-05-02 09:47:34 Copy file: /components/com_jshopping/addons/rus_invoices_for_payment/config.tmpl.php
2019-05-02 09:47:34 Copy file: /components/com_jshopping/addons/rus_invoices_for_payment/index.html
2019-05-02 09:47:34 Copy file: /components/com_jshopping/addons/rus_invoices_for_payment/uninstall.php
2019-05-02 09:47:34 Copy file: /components/com_jshopping/lang/addon_rus_invoices_for_payment/de-DE.php
2019-05-02 09:47:34 Copy file: /components/com_jshopping/lang/addon_rus_invoices_for_payment/en-GB.php
2019-05-02 09:47:34 Copy file: /components/com_jshopping/lang/addon_rus_invoices_for_payment/ru-RU.php
2019-05-02 09:47:34 Copy file: /plugins/jshoppingorder/addon_rus_invoices_for_payment/addon_rus_invoices_for_payment.php
2019-05-02 09:47:34 Copy file: /plugins/jshoppingorder/addon_rus_invoices_for_payment/addon_rus_invoices_for_payment.xml
2019-06-17 15:59:19 
Start install: /tmp/mod_joomshopping_categories_menu.zip IP:178.155.104.31 UID:142
2019-06-17 15:59:19 Copy file: /en-GB.mod_joomshopping_categories_menu.ini
2019-06-17 15:59:19 Copy file: /mod_joomshopping_categories_menu.php
2019-06-17 15:59:19 INSTALL_THROUGH_JOOMLA
2019-06-18 23:06:11 
Start install: /tmp/addon_CheckoutOnepage166j3.zip IP:94.233.21.206 UID:142
2019-06-18 23:06:11 Copy file: /components/index.html
2019-06-18 23:06:11 Copy file: /components/com_jshopping/index.html
2019-06-18 23:06:11 Copy file: /components/com_jshopping/addons/checkoutajax/uninstall.php
2019-06-18 23:06:11 Copy file: /components/com_jshopping/images/checkoutajax-enter.png
2019-06-18 23:06:11 Copy file: /components/com_jshopping/images/checkoutajax-inactive.png
2019-06-18 23:06:11 Copy file: /components/com_jshopping/images/checkoutajax-refresh.png
2019-06-18 23:06:11 Copy file: /components/com_jshopping/images/index.html
2019-06-18 23:06:11 Copy file: /components/com_jshopping/templates/index.html
2019-06-18 23:06:11 Copy file: /components/com_jshopping/templates/addon_checkoutajax/checkoutajax.php
2019-06-18 23:06:11 Copy file: /components/com_jshopping/templates/addon_checkoutajax/empty.php
2019-06-18 23:06:11 Copy file: /components/com_jshopping/templates/addon_checkoutajax/index.html
2019-06-18 23:06:11 Copy file: /plugins/jshoppingcheckout/checkoutajax/checkoutajax.css
2019-06-18 23:06:11 Copy file: /plugins/jshoppingcheckout/checkoutajax/checkoutajax.js
2019-06-18 23:06:11 Copy file: /plugins/jshoppingcheckout/checkoutajax/checkoutajax.php
2019-06-18 23:06:11 Copy file: /plugins/jshoppingcheckout/checkoutajax/checkoutajax.xml
2019-06-18 23:06:11 Copy file: /plugins/jshoppingcheckout/checkoutajax/index.html
2019-06-18 23:06:11 Copy file: /plugins/jshoppingcheckout/checkoutajax/language/index.html
2019-06-18 23:06:11 Copy file: /plugins/jshoppingcheckout/checkoutajax/language/de-DE/de-DE.checkoutajax.ini
2019-06-18 23:06:11 Copy file: /plugins/jshoppingcheckout/checkoutajax/language/de-DE/index.html
2019-06-18 23:06:11 Copy file: /plugins/jshoppingcheckout/checkoutajax/language/en-GB/en-GB.checkoutajax.ini
2019-06-18 23:06:11 Copy file: /plugins/jshoppingcheckout/checkoutajax/language/en-GB/index.html
2019-06-18 23:06:11 Copy file: /plugins/jshoppingcheckout/checkoutajax/language/ru-RU/ru-RU.checkoutajax.ini
2019-06-18 23:13:40 
Start install: /tmp/addon_default2cart-41.zip IP:94.233.21.206 UID:142
2019-06-18 23:13:40 Copy file: /components/com_jshopping/templates/addons/onestepcheckout/default2cart/adress.php
2019-06-18 23:13:40 Copy file: /components/com_jshopping/templates/addons/onestepcheckout/default2cart/checkout.php
2019-06-18 23:13:40 Copy file: /components/com_jshopping/templates/addons/onestepcheckout/default2cart/config.php
2019-06-18 23:13:40 Copy file: /components/com_jshopping/templates/addons/onestepcheckout/default2cart/config.xml
2019-06-18 23:13:40 Copy file: /components/com_jshopping/templates/addons/onestepcheckout/default2cart/finish.php
2019-06-18 23:13:40 Copy file: /components/com_jshopping/templates/addons/onestepcheckout/default2cart/main.js.php
2019-06-18 23:13:40 Copy file: /components/com_jshopping/templates/addons/onestepcheckout/default2cart/main.php
2019-06-18 23:13:40 Copy file: /components/com_jshopping/templates/addons/onestepcheckout/default2cart/payments.php
2019-06-18 23:13:40 Copy file: /components/com_jshopping/templates/addons/onestepcheckout/default2cart/previewfinish.php
2019-06-18 23:13:40 Copy file: /components/com_jshopping/templates/addons/onestepcheckout/default2cart/shippings.php
2019-06-18 23:13:40 Copy file: /components/com_jshopping/templates/addons/onestepcheckout/default2cart/css/style.css
2019-06-18 23:13:40 Copy file: /components/com_jshopping/templates/addons/onestepcheckout/default2cart/css/uikit.css
2019-06-18 23:13:40 Copy file: /components/com_jshopping/templates/addons/onestepcheckout/default2cart/fonts/FontAwesome.otf
2019-06-18 23:13:40 Copy file: /components/com_jshopping/templates/addons/onestepcheckout/default2cart/fonts/fontawesome-webfont.eot
2019-06-18 23:13:40 Copy file: /components/com_jshopping/templates/addons/onestepcheckout/default2cart/fonts/fontawesome-webfont.ttf
2019-06-18 23:13:40 Copy file: /components/com_jshopping/templates/addons/onestepcheckout/default2cart/fonts/fontawesome-webfont.woff
2019-06-18 23:13:40 Copy file: /components/com_jshopping/templates/addons/onestepcheckout/default2cart/images/overlay.gif
2019-06-18 23:13:40 Copy file: /components/com_jshopping/templates/addons/onestepcheckout/default2cart/images/package.png
2019-06-18 23:13:40 Copy file: /components/com_jshopping/templates/addons/onestepcheckout/default2cart/language/en-GB/en-GB.addon_jshopping_onestepcheckout.ini
2019-06-18 23:13:40 Copy file: /components/com_jshopping/templates/addons/onestepcheckout/default2cart/language/ru-RU/ru-RU.addon_jshopping_onestepcheckout.ini
2019-06-18 23:13:40 Copy file: /components/com_jshopping/templates/addons/onestepcheckout/default2cart/language/uk-UA/uk-UA.addon_jshopping_onestepcheckout.ini
2019-06-18 23:18:18 
Start install: /tmp/addon_default2cart-41.zip IP:94.233.21.206 UID:142
2019-06-18 23:18:18 Copy file: /components/com_jshopping/templates/addons/onestepcheckout/default2cart/adress.php
2019-06-18 23:18:18 Copy file: /components/com_jshopping/templates/addons/onestepcheckout/default2cart/checkout.php
2019-06-18 23:18:18 Copy file: /components/com_jshopping/templates/addons/onestepcheckout/default2cart/config.php
2019-06-18 23:18:18 Copy file: /components/com_jshopping/templates/addons/onestepcheckout/default2cart/config.xml
2019-06-18 23:18:18 Copy file: /components/com_jshopping/templates/addons/onestepcheckout/default2cart/finish.php
2019-06-18 23:18:18 Copy file: /components/com_jshopping/templates/addons/onestepcheckout/default2cart/main.js.php
2019-06-18 23:18:18 Copy file: /components/com_jshopping/templates/addons/onestepcheckout/default2cart/main.php
2019-06-18 23:18:18 Copy file: /components/com_jshopping/templates/addons/onestepcheckout/default2cart/payments.php
2019-06-18 23:18:18 Copy file: /components/com_jshopping/templates/addons/onestepcheckout/default2cart/previewfinish.php
2019-06-18 23:18:18 Copy file: /components/com_jshopping/templates/addons/onestepcheckout/default2cart/shippings.php
2019-06-18 23:18:18 Copy file: /components/com_jshopping/templates/addons/onestepcheckout/default2cart/css/style.css
2019-06-18 23:18:18 Copy file: /components/com_jshopping/templates/addons/onestepcheckout/default2cart/css/uikit.css
2019-06-18 23:18:18 Copy file: /components/com_jshopping/templates/addons/onestepcheckout/default2cart/fonts/FontAwesome.otf
2019-06-18 23:18:18 Copy file: /components/com_jshopping/templates/addons/onestepcheckout/default2cart/fonts/fontawesome-webfont.eot
2019-06-18 23:18:18 Copy file: /components/com_jshopping/templates/addons/onestepcheckout/default2cart/fonts/fontawesome-webfont.ttf
2019-06-18 23:18:18 Copy file: /components/com_jshopping/templates/addons/onestepcheckout/default2cart/fonts/fontawesome-webfont.woff
2019-06-18 23:18:18 Copy file: /components/com_jshopping/templates/addons/onestepcheckout/default2cart/images/overlay.gif
2019-06-18 23:18:18 Copy file: /components/com_jshopping/templates/addons/onestepcheckout/default2cart/images/package.png
2019-06-18 23:18:18 Copy file: /components/com_jshopping/templates/addons/onestepcheckout/default2cart/language/en-GB/en-GB.addon_jshopping_onestepcheckout.ini
2019-06-18 23:18:18 Copy file: /components/com_jshopping/templates/addons/onestepcheckout/default2cart/language/ru-RU/ru-RU.addon_jshopping_onestepcheckout.ini
2019-06-18 23:18:18 Copy file: /components/com_jshopping/templates/addons/onestepcheckout/default2cart/language/uk-UA/uk-UA.addon_jshopping_onestepcheckout.ini
2019-06-18 23:21:18 
Start install: /tmp/addon_incomev106.zip IP:94.233.21.206 UID:142
2019-06-18 23:21:18 Copy file: /administrator/components/com_jshopping/controllers/addon_income.php
2019-06-18 23:21:18 Copy file: /administrator/components/com_jshopping/lang/addon_income/en-GB.php
2019-06-18 23:21:18 Copy file: /administrator/components/com_jshopping/models/addon_income.php
2019-06-18 23:21:18 Copy file: /administrator/components/com_jshopping/views/addon_income/view.html.php
2019-06-18 23:21:18 Copy file: /administrator/components/com_jshopping/views/addon_income/tmpl/default.php
2019-06-18 23:21:18 Copy file: /components/com_jshopping/addons/addon_income/uninstall.php
2019-06-18 23:21:18 Copy file: /components/com_jshopping/addons/addon_income/js/joomla25.js
2019-06-18 23:21:18 Copy file: /components/com_jshopping/addons/addon_income/js/joomla30.js
2019-06-18 23:21:18 Copy file: /plugins/jshoppingadmin/addon_income/addon_income.php
2019-06-18 23:21:18 Copy file: /plugins/jshoppingadmin/addon_income/addon_income.xml
2019-06-18 23:21:18 Copy file: /plugins/jshoppingcheckout/addon_income/addon_income.php
2019-06-18 23:21:18 Copy file: /plugins/jshoppingcheckout/addon_income/addon_income.xml
2019-06-18 23:21:18 Copy file: /plugins/jshoppingmenu/addon_income/addon_income.php
2019-06-18 23:21:18 Copy file: /plugins/jshoppingmenu/addon_income/addon_income.xml
2019-06-18 23:21:18 Copy file: /plugins/jshoppingorder/addon_income/addon_income.php
2019-06-18 23:21:18 Copy file: /plugins/jshoppingorder/addon_income/addon_income.xml
2019-06-18 23:21:41 
Start install: /tmp/addon_informAvailability_141.zip IP:94.233.21.206 UID:142
2019-06-18 23:21:41 Copy file: /administrator/components/com_jshopping/controllers/requests_availability.php
2019-06-18 23:21:41 Copy file: /administrator/components/com_jshopping/language/en-GB/en-GB.addon_inform_availability_product.ini
2019-06-18 23:21:41 Copy file: /administrator/components/com_jshopping/language/ru-RU/ru-RU.addon_inform_availability_product.ini
2019-06-18 23:21:41 Copy file: /administrator/components/com_jshopping/models/requests_availability.php
2019-06-18 23:21:41 Copy file: /administrator/components/com_jshopping/views/requests_availability/view.html.php
2019-06-18 23:21:41 Copy file: /administrator/components/com_jshopping/views/requests_availability/tmpl/list.php
2019-06-18 23:21:41 Copy file: /components/com_jshopping/addons/inform_availability/config.tmpl.php
2019-06-18 23:21:41 Copy file: /components/com_jshopping/addons/inform_availability/index.html
2019-06-18 23:21:41 Copy file: /components/com_jshopping/addons/inform_availability/inform_availability_helper.php
2019-06-18 23:21:41 Copy file: /components/com_jshopping/addons/inform_availability/uninstall.php
2019-06-18 23:21:41 Copy file: /components/com_jshopping/controllers/inform_availability_product.php
2019-06-18 23:21:41 Copy file: /components/com_jshopping/css/inform_availability_product.css
2019-06-18 23:21:41 Copy file: /components/com_jshopping/lang/addon_inform_availability_product/en-GB.php
2019-06-18 23:21:41 Copy file: /components/com_jshopping/lang/addon_inform_availability_product/ru-RU.php
2019-06-18 23:21:41 Copy file: /plugins/jshoppingadmin/inform_availability_product/inform_availability_product.php
2019-06-18 23:21:41 Copy file: /plugins/jshoppingadmin/inform_availability_product/inform_availability_product.xml
2019-06-18 23:21:41 Copy file: /plugins/jshoppingmenu/requests_availability/requests_availability.php
2019-06-18 23:21:41 Copy file: /plugins/jshoppingmenu/requests_availability/requests_availability.xml
2019-06-18 23:21:41 Copy file: /plugins/jshoppingproducts/inform_availability_product/inform_availability_product.php
2019-06-18 23:21:41 Copy file: /plugins/jshoppingproducts/inform_availability_product/inform_availability_product.xml
2019-06-18 23:24:27 
Start install: /tmp/addon_joomshopcart_v353.zip IP:94.233.21.206 UID:142
2019-06-18 23:24:27 Copy file: /components/com_jshopping/addon_cartajax_uninstall.php
2019-06-18 23:24:27 Copy file: /components/com_jshopping/controllers/cartajax.php
2019-06-18 23:24:27 Copy file: /components/com_jshopping/controllers/cartajaxattributes.php
2019-06-18 23:24:27 Copy file: /components/com_jshopping/css/cartajax.css
2019-06-18 23:24:27 Copy file: /components/com_jshopping/css/index.html
2019-06-18 23:24:27 Copy file: /components/com_jshopping/helpers/cartajax.php
2019-06-18 23:24:27 Copy file: /components/com_jshopping/images/cartajax-loading.gif
2019-06-18 23:24:27 Copy file: /components/com_jshopping/js/cartajax.js
2019-06-18 23:24:27 Copy file: /components/com_jshopping/lang/addon_cart_ajax/en-GB.php
2019-06-18 23:24:27 Copy file: /components/com_jshopping/lang/addon_cart_ajax/ru-RU.php
2019-06-18 23:24:27 Copy file: /components/com_jshopping/models/cartajaxattributes.php
2019-06-18 23:24:27 Copy file: /components/com_jshopping/models/index.html
2019-06-18 23:24:27 Copy file: /components/com_jshopping/templates/addons/cartajax/cartajax.php
2019-06-18 23:24:27 Copy file: /components/com_jshopping/views/cartajax/view.html.php
2019-06-18 23:24:27 Copy file: /modules/mod_adv_jshopping_cartajax/cartajax_adv_module.css
2019-06-18 23:24:27 Copy file: /modules/mod_adv_jshopping_cartajax/cartajax_adv_module.js
2019-06-18 23:24:27 Copy file: /modules/mod_adv_jshopping_cartajax/mod_adv_jshopping_cartajax.php
2019-06-18 23:24:27 Copy file: /modules/mod_adv_jshopping_cartajax/mod_adv_jshopping_cartajax.xml
2019-06-18 23:24:27 Copy file: /modules/mod_adv_jshopping_cartajax/images/cartajax-remove.png
2019-06-18 23:24:27 Copy file: /modules/mod_adv_jshopping_cartajax/tmpl/default.php
2019-06-18 23:24:27 Copy file: /modules/mod_adv_jshopping_cartajax/tmpl/index.html
2019-06-18 23:24:27 Copy file: /modules/mod_jshopping_cartajax/cartajax_module.css
2019-06-18 23:24:27 Copy file: /modules/mod_jshopping_cartajax/cartajax_module.js
2019-06-18 23:24:27 Copy file: /modules/mod_jshopping_cartajax/mod_jshopping_cartajax.php
2019-06-18 23:24:27 Copy file: /modules/mod_jshopping_cartajax/mod_jshopping_cartajax.xml
2019-06-18 23:24:27 Copy file: /modules/mod_jshopping_cartajax/images/cartajax-remove.png
2019-06-18 23:24:27 Copy file: /modules/mod_jshopping_cartajax/tmpl/default.php
2019-06-18 23:24:27 Copy file: /modules/mod_jshopping_cartajax/tmpl/index.html
2019-06-18 23:24:27 Copy file: /plugins/jshoppingcheckout/index.html
2019-06-18 23:24:27 Copy file: /plugins/jshoppingcheckout/cartajax/cartajax.php
2019-06-18 23:24:27 Copy file: /plugins/jshoppingcheckout/cartajax/cartajax.xml
2019-06-18 23:24:27 Copy file: /plugins/jshoppingproducts/cartajax/cartajax.php
2019-06-18 23:24:27 Copy file: /plugins/jshoppingproducts/cartajax/cartajax.xml
2019-06-18 23:24:27 Copy file: /plugins/jshoppingproducts/cartajax/cartajax_plugin.js
2019-06-18 23:24:27 Copy file: /plugins/jshoppingproducts/cartajax/index.html
2019-06-18 23:24:27 Copy file: /plugins/jshoppingproducts/cartajaxattributes/cartajaxattributes.php
2019-06-18 23:24:27 Copy file: /plugins/jshoppingproducts/cartajaxattributes/cartajaxattributes.xml
2019-06-18 23:24:27 Copy file: /plugins/jshoppingproducts/cartajaxattributes/cartajaxattributes_plugin.css
2019-06-18 23:24:27 Copy file: /plugins/jshoppingproducts/cartajaxattributes/cartajaxattributes_plugin.js
2019-06-18 23:24:27 Copy file: /plugins/jshoppingproducts/cartajaxattributes/index.html
2019-06-18 23:24:27 Copy file: /plugins/jshoppingproducts/cartajaxattributes/images/cartajax-attribute-loading.gif
2019-06-18 23:37:55 
Start install: /tmp/addon_jshopping_save_cart_183.zip IP:94.233.21.206 UID:142
2019-06-18 23:37:55 Copy file: /administrator/components/com_jshopping/controllers/cart_save.php
2019-06-18 23:37:55 Copy file: /components/com_jshopping/addons/addon_jshopping_save_cart/JshSCHelper.php
2019-06-18 23:37:55 Copy file: /components/com_jshopping/addons/addon_jshopping_save_cart/config.tmpl.php
2019-06-18 23:37:55 Copy file: /components/com_jshopping/addons/addon_jshopping_save_cart/html.products.php
2019-06-18 23:37:55 Copy file: /components/com_jshopping/addons/addon_jshopping_save_cart/html.taxes.php
2019-06-18 23:37:55 Copy file: /components/com_jshopping/addons/addon_jshopping_save_cart/index.html
2019-06-18 23:37:55 Copy file: /components/com_jshopping/addons/addon_jshopping_save_cart/uninstall.php
2019-06-18 23:37:55 Copy file: /components/com_jshopping/addons/addon_jshopping_save_cart/langs/de.php
2019-06-18 23:37:55 Copy file: /components/com_jshopping/addons/addon_jshopping_save_cart/langs/en.php
2019-06-18 23:37:55 Copy file: /components/com_jshopping/addons/addon_jshopping_save_cart/langs/ru.php
2019-06-18 23:37:55 Copy file: /components/com_jshopping/lang/addon_jshopping_save_cart/de-DE.php
2019-06-18 23:37:55 Copy file: /components/com_jshopping/lang/addon_jshopping_save_cart/en-GB.php
2019-06-18 23:37:55 Copy file: /components/com_jshopping/lang/addon_jshopping_save_cart/index.html
2019-06-18 23:37:55 Copy file: /components/com_jshopping/lang/addon_jshopping_save_cart/ru-RU.php
2019-06-18 23:37:55 Copy file: /plugins/jshopping/index.html
2019-06-18 23:37:55 Copy file: /plugins/jshopping/addon_jshopping_save_cart/addon_jshopping_save_cart.php
2019-06-18 23:37:55 Copy file: /plugins/jshopping/addon_jshopping_save_cart/addon_jshopping_save_cart.xml
2019-06-18 23:37:55 Copy file: /plugins/jshopping/addon_jshopping_save_cart/index.html
2019-06-18 23:37:55 Copy file: /plugins/jshoppingadmin/addon_jshopping_save_cart/addon_jshopping_save_cart.php
2019-06-18 23:37:55 Copy file: /plugins/jshoppingadmin/addon_jshopping_save_cart/addon_jshopping_save_cart.xml
2019-06-18 23:37:55 Copy file: /plugins/jshoppingadmin/addon_jshopping_save_cart/cart_content.php
2019-06-18 23:37:55 Copy file: /plugins/jshoppingadmin/addon_jshopping_save_cart/index.html
2019-06-18 23:37:55 Copy file: /plugins/jshoppingadmin/addon_jshopping_save_cart/jshuserscart.js
2019-06-18 23:37:55 Copy file: /plugins/jshoppingadmin/addon_jshopping_save_cart/style.css
2019-06-18 23:37:55 Copy file: /plugins/jshoppingcheckout/addon_jshopping_save_cart/addon_jshopping_save_cart.php
2019-06-18 23:37:55 Copy file: /plugins/jshoppingcheckout/addon_jshopping_save_cart/addon_jshopping_save_cart.xml
2019-06-18 23:41:22 
Start install: /tmp/addon_productaskquestion_3703.zip IP:94.233.21.206 UID:142
2019-06-18 23:41:22 Copy file: /administrator/components/com_jshopping/install/addon_product_ask_question_uninstall.php
2019-06-18 23:41:22 Copy file: /components/com_jshopping/controllers/product_ask_question.php
2019-06-18 23:41:22 Copy file: /components/com_jshopping/lang/product_ask_question/en-GB.php
2019-06-18 23:41:22 Copy file: /components/com_jshopping/lang/product_ask_question/index.html
2019-06-18 23:41:22 Copy file: /components/com_jshopping/lang/product_ask_question/ru-RU.php
2019-06-18 23:41:22 Copy file: /components/com_jshopping/templates/default/product/ask_question.php
2019-06-18 23:41:22 Copy file: /plugins/jshoppingproducts/product_ask_question/index.html
2019-06-18 23:41:22 Copy file: /plugins/jshoppingproducts/product_ask_question/product_ask_question.php
2019-06-18 23:41:22 Copy file: /plugins/jshoppingproducts/product_ask_question/product_ask_question.xml
2019-06-18 23:43:34 
Start install: /tmp/addon_search_plus_plus_1.1.9.zip IP:94.233.21.206 UID:142
2019-06-18 23:43:34 Copy file: /components/com_jshopping/addons/addon_search_plus_plus/.htaccess
2019-06-18 23:43:34 Copy file: /components/com_jshopping/addons/addon_search_plus_plus/addon_search_plus_plus.php
2019-06-18 23:43:34 Copy file: /components/com_jshopping/addons/addon_search_plus_plus/params.ini
2019-06-18 23:43:34 Copy file: /components/com_jshopping/addons/addon_search_plus_plus/uninstall.php
2019-06-18 23:43:34 Copy file: /components/com_jshopping/controllers/addon_search_plus_plus.php
2019-06-18 23:43:34 Copy file: /components/com_jshopping/lang/addon_search_plus_plus/de-DE.php
2019-06-18 23:43:34 Copy file: /components/com_jshopping/lang/addon_search_plus_plus/en-GB.php
2019-06-18 23:43:34 Copy file: /components/com_jshopping/lang/addon_search_plus_plus/ru-RU.php
2019-06-18 23:43:34 Copy file: /components/com_jshopping/lib/addon_search_plus_plus/addon_corext.php
2019-06-18 23:43:34 Copy file: /components/com_jshopping/lib/addon_search_plus_plus/autoload.php
2019-06-18 23:43:34 Copy file: /components/com_jshopping/lib/addon_search_plus_plus/proto.php
2019-06-18 23:43:34 Copy file: /components/com_jshopping/lib/addon_search_plus_plus/singleton.php
2019-06-18 23:43:34 Copy file: /components/com_jshopping/models/addon_search_plus_plus.php
2019-06-18 23:43:34 Copy file: /modules/mod_addon_search_plus_plus/mod_addon_search_plus_plus.php
2019-06-18 23:43:34 Copy file: /modules/mod_addon_search_plus_plus/mod_addon_search_plus_plus.xml
2019-06-18 23:43:34 Copy file: /modules/mod_addon_search_plus_plus/css/module.css
2019-06-18 23:43:34 Copy file: /modules/mod_addon_search_plus_plus/images/loading.gif
2019-06-18 23:43:34 Copy file: /modules/mod_addon_search_plus_plus/js/module.js
2019-06-18 23:43:34 Copy file: /modules/mod_addon_search_plus_plus/language/de-DE/de-DE.mod_addon_search_plus_plus.ini
2019-06-18 23:43:34 Copy file: /modules/mod_addon_search_plus_plus/language/en-GB/en-GB.mod_addon_search_plus_plus.ini
2019-06-18 23:43:34 Copy file: /modules/mod_addon_search_plus_plus/language/ru-RU/ru-RU.mod_addon_search_plus_plus.ini
2019-06-18 23:43:34 Copy file: /modules/mod_addon_search_plus_plus/tmpl/default.php
2019-06-18 23:43:34 Copy file: /modules/mod_addon_search_plus_plus/tmpl/result.php
2019-06-18 23:43:34 Copy file: /plugins/system/addon_search_plus_plus/addon_search_plus_plus.php
2019-06-18 23:43:34 Copy file: /plugins/system/addon_search_plus_plus/addon_search_plus_plus.xml
2019-09-04 13:26:17 
Start install: C:\xampp\htdocs\printervoronezh\public_html\tmp\shipping addon_cdek.rar IP:178.155.104.31 UID:142
2019-09-04 13:26:44 
Start install: C:\xampp\htdocs\printervoronezh\public_html\tmp\shipping addon_cdek.zip IP:178.155.104.31 UID:142
2019-09-04 13:26:44 Copy file: /shipping addon/update.sql
2019-09-04 13:26:44 Copy file: /shipping addon/components/com_jshopping/shippings/sm_cdek/configform.php
2019-09-04 13:26:44 Copy file: /shipping addon/components/com_jshopping/shippings/sm_cdek/shippingpriceform.php
2019-09-04 13:26:44 Copy file: /shipping addon/components/com_jshopping/shippings/sm_cdek/sm_cdek.php
